[DEBUG] [2021-05-21 19:16] testDataSource()
[DEBUG] [2021-05-21 19:16] DataSource HikariDataSource (HikariPool-1)
[DEBUG] [2021-05-21 19:16] LoginTimeout 30
[DEBUG] [2021-05-21 19:33] testSqlSession()
[DEBUG] [2021-05-21 19:33] session org.apache.ibatis.session.defaults.DefaultSqlSession@2cc3ad05
[DEBUG] [2021-05-21 19:33] testDataSource()
[DEBUG] [2021-05-21 19:33] DataSource HikariDataSource (HikariPool-1)
[DEBUG] [2021-05-21 19:33] LoginTimeout 30
[DEBUG] [2021-05-21 19:33] testSqlSession()
[DEBUG] [2021-05-21 19:33] session org.apache.ibatis.session.defaults.DefaultSqlSession@6c62496a
[DEBUG] [2021-05-21 20:52] testSelectByEmail()
[DEBUG] [2021-05-21 20:52] ==>  Preparing: select ID, EMAIL, PASSWORD, NAME, REGDATE from member where email = ?
[DEBUG] [2021-05-21 20:52] ==> Parameters: tkdrjs7@naver.com(String)
[TRACE] [2021-05-21 20:52] <==    Columns: ID, EMAIL, PASSWORD, NAME, REGDATE
[TRACE] [2021-05-21 20:52] <==        Row: 35, tkdrjs7@naver.com, tkdrjs12, ê¹€ìƒê±´, 2021-05-20 10:55:59.0
[DEBUG] [2021-05-21 20:52] <==      Total: 1
[DEBUG] [2021-05-21 20:52] id=35,  name=ê¹€ìƒê±´, password=tkdrjs12,  registerDateTime=null
[DEBUG] [2021-05-21 20:56] testDataSource()
[DEBUG] [2021-05-21 20:56] DataSource HikariDataSource (HikariPool-1)
[DEBUG] [2021-05-21 20:56] LoginTimeout 30
[DEBUG] [2021-05-21 20:56] testSqlSession()
[DEBUG] [2021-05-21 20:56] session org.apache.ibatis.session.defaults.DefaultSqlSession@484d8e79
[DEBUG] [2021-05-21 20:56] testSelectByEmail()
[DEBUG] [2021-05-21 20:56] ==>  Preparing: select ID, EMAIL, PASSWORD, NAME, REGDATE from member where email = ?
[DEBUG] [2021-05-21 20:56] ==> Parameters: tkdrjs7@naver.com(String)
[TRACE] [2021-05-21 20:56] <==    Columns: ID, EMAIL, PASSWORD, NAME, REGDATE
[TRACE] [2021-05-21 20:56] <==        Row: 35, tkdrjs7@naver.com, tkdrjs12, ±è»ó°Ç, 2021-05-20 10:55:59.0
[DEBUG] [2021-05-21 20:56] <==      Total: 1
[DEBUG] [2021-05-21 20:56] id=35,  name=±è»ó°Ç, password=tkdrjs12,  registerDateTime=null
[DEBUG] [2021-05-21 20:56] testSelectByEmail()
[DEBUG] [2021-05-21 20:56] ==>  Preparing: select ID, EMAIL, PASSWORD, NAME, REGDATE from member where email = ?
[DEBUG] [2021-05-21 20:56] ==> Parameters: tkdrjs7@naver.com(String)
[TRACE] [2021-05-21 20:56] <==    Columns: ID, EMAIL, PASSWORD, NAME, REGDATE
[TRACE] [2021-05-21 20:56] <==        Row: 35, tkdrjs7@naver.com, tkdrjs12, ê¹€ìƒê±´, 2021-05-20 10:55:59.0
[DEBUG] [2021-05-21 20:56] <==      Total: 1
[DEBUG] [2021-05-21 20:56] id=35,  name=ê¹€ìƒê±´, password=tkdrjs12,  registerDateTime=null
[DEBUG] [2021-05-21 21:06] testSelectByEmail()
[DEBUG] [2021-05-21 21:06] ==>  Preparing: select ID, EMAIL, PASSWORD, NAME, REGDATE from member where email = ?
[DEBUG] [2021-05-21 21:06] ==> Parameters: tkdrjs7@naver.com(String)
[TRACE] [2021-05-21 21:06] <==    Columns: ID, EMAIL, PASSWORD, NAME, REGDATE
[TRACE] [2021-05-21 21:06] <==        Row: 35, tkdrjs7@naver.com, tkdrjs12, ±è»ó°Ç, 2021-05-20 10:55:59.0
[DEBUG] [2021-05-21 21:06] <==      Total: 1
[DEBUG] [2021-05-21 21:06] id=35,  name=±è»ó°Ç, password=tkdrjs12,  registerDateTime=null
[DEBUG] [2021-05-21 21:06] testInsert()
[DEBUG] [2021-05-21 21:06] ==>  Preparing: insert into member(ID, EMAIL, PASSWORD, NAME, REGDATE) values (?, ?, ?, ? )
[DEBUG] [2021-05-21 21:06] ==> Parameters: tkdrjs9@naver.com(String), tkdrjs999(String), ±èÀ¯Áø(String), null
[DEBUG] [2021-05-21 21:06] testDataSource()
[DEBUG] [2021-05-21 21:06] DataSource HikariDataSource (HikariPool-1)
[DEBUG] [2021-05-21 21:06] LoginTimeout 30
[DEBUG] [2021-05-21 21:06] testSqlSession()
[DEBUG] [2021-05-21 21:06] session org.apache.ibatis.session.defaults.DefaultSqlSession@301d56f7
[DEBUG] [2021-05-21 21:06] testSelectByEmail()
[DEBUG] [2021-05-21 21:06] ==>  Preparing: select ID, EMAIL, PASSWORD, NAME, REGDATE from member where email = ?
[DEBUG] [2021-05-21 21:06] ==> Parameters: tkdrjs7@naver.com(String)
[TRACE] [2021-05-21 21:06] <==    Columns: ID, EMAIL, PASSWORD, NAME, REGDATE
[TRACE] [2021-05-21 21:06] <==        Row: 35, tkdrjs7@naver.com, tkdrjs12, ê¹€ìƒê±´, 2021-05-20 10:55:59.0
[DEBUG] [2021-05-21 21:06] <==      Total: 1
[DEBUG] [2021-05-21 21:06] id=35,  name=ê¹€ìƒê±´, password=tkdrjs12,  registerDateTime=null
[DEBUG] [2021-05-21 21:06] testInsert()
[DEBUG] [2021-05-21 21:06] ==>  Preparing: insert into member(ID, EMAIL, PASSWORD, NAME, REGDATE) values (?, ?, ?, ? )
[DEBUG] [2021-05-21 21:06] ==> Parameters: tkdrjs9@naver.com(String), tkdrjs999(String), ê¹€ìœ ì§„(String), null
[DEBUG] [2021-05-21 21:10] testSelectByEmail()
[DEBUG] [2021-05-21 21:10] ==>  Preparing: select ID, EMAIL, PASSWORD, NAME, REGDATE from member where email = ?
[DEBUG] [2021-05-21 21:10] ==> Parameters: tkdrjs7@naver.com(String)
[TRACE] [2021-05-21 21:10] <==    Columns: ID, EMAIL, PASSWORD, NAME, REGDATE
[TRACE] [2021-05-21 21:10] <==        Row: 35, tkdrjs7@naver.com, tkdrjs12, ±è»ó°Ç, 2021-05-20 10:55:59.0
[DEBUG] [2021-05-21 21:10] <==      Total: 1
[DEBUG] [2021-05-21 21:10] id=35,  name=±è»ó°Ç, password=tkdrjs12,  registerDateTime=null
[DEBUG] [2021-05-21 21:10] testInsert()
[DEBUG] [2021-05-21 21:10] ==>  Preparing: insert into member(EMAIL, PASSWORD, NAME) values (?, ?, ? )
[DEBUG] [2021-05-21 21:10] ==> Parameters: tkdrjs9@naver.com(String), tkdrjs999(String), ±èÀ¯Áø(String)
[DEBUG] [2021-05-21 21:10] <==    Updates: 1
[DEBUG] [2021-05-21 21:10] testDataSource()
[DEBUG] [2021-05-21 21:10] DataSource HikariDataSource (HikariPool-1)
[DEBUG] [2021-05-21 21:10] LoginTimeout 30
[DEBUG] [2021-05-21 21:10] testSqlSession()
[DEBUG] [2021-05-21 21:10] session org.apache.ibatis.session.defaults.DefaultSqlSession@46c53aab
