[DEBUG] [2021-05-25 20:44] testDataSource()
[DEBUG] [2021-05-25 20:44] DataSource HikariDataSource (HikariPool-1)
[DEBUG] [2021-05-25 20:44] LoginTimeout 30
[DEBUG] [2021-05-25 20:44] testSqlSession()
[DEBUG] [2021-05-25 20:44] session org.apache.ibatis.session.defaults.DefaultSqlSession@3f2b5b5f
[DEBUG] [2021-05-25 20:44] ==>  Preparing: select ID, EMAIL, PASSWORD, NAME, REGDATE from member where REGDATE between ? and ? order by REGDATE DESC;
[DEBUG] [2021-05-25 20:44] ==> Parameters: 2021-05-17T00:00(LocalDateTime), 2021-05-21T00:00(LocalDateTime)
[DEBUG] [2021-05-25 20:44] <==      Total: 0
[DEBUG] [2021-05-25 20:44] testSelectByEmail()
[DEBUG] [2021-05-25 20:44] ==>  Preparing: select ID, EMAIL, PASSWORD, NAME, REGDATE from member where email = ?
[DEBUG] [2021-05-25 20:44] ==> Parameters: tkdrjs7@naver.com(String)
[TRACE] [2021-05-25 20:44] <==    Columns: ID, EMAIL, PASSWORD, NAME, REGDATE
[TRACE] [2021-05-25 20:44] <==        Row: 66, tkdrjs7@naver.com, 1111111, ±è»ó°Ç, 2021-05-24 11:49:22.0
[DEBUG] [2021-05-25 20:44] <==      Total: 1
[DEBUG] [2021-05-25 20:44] id=66,  name=±è»ó°Ç, password=1111111,  registerDateTime=null
[DEBUG] [2021-05-25 20:44] testUpdate()
[DEBUG] [2021-05-25 20:44] ==>  Preparing: update member set name = ?, password = ? where email = ?
[DEBUG] [2021-05-25 20:44] ==> Parameters: 111111(String), tkdrjs(String), tkdrjs20@naver.com(String)
[DEBUG] [2021-05-25 20:44] <==    Updates: 1
[DEBUG] [2021-05-25 20:45] testDataSource()
[DEBUG] [2021-05-25 20:45] DataSource HikariDataSource (HikariPool-1)
[DEBUG] [2021-05-25 20:45] LoginTimeout 30
[DEBUG] [2021-05-25 20:45] testSqlSession()
[DEBUG] [2021-05-25 20:45] session org.apache.ibatis.session.defaults.DefaultSqlSession@813c1f2
[DEBUG] [2021-05-25 20:45] ==>  Preparing: select ID, EMAIL, PASSWORD, NAME, REGDATE from member where REGDATE between ? and ? order by REGDATE DESC;
[DEBUG] [2021-05-25 20:45] ==> Parameters: 2021-05-17T00:00(LocalDateTime), 2021-05-26T00:00(LocalDateTime)
[TRACE] [2021-05-25 20:45] <==    Columns: ID, EMAIL, PASSWORD, NAME, REGDATE
[TRACE] [2021-05-25 20:45] <==        Row: 71, test3@test.com, 111111, ±èÁöÀº, 2021-05-25 20:19:57.0
[TRACE] [2021-05-25 20:45] <==        Row: 70, test2@test.com, , ±è¹Î, 2021-05-24 16:04:22.0
[TRACE] [2021-05-25 20:45] <==        Row: 68, test1@test.com, 111, ±è»óÀÏ, 2021-05-24 12:44:01.0
[TRACE] [2021-05-25 20:45] <==        Row: 67, test@test.com, 111111, ±è±æµ¿, 2021-05-24 11:50:02.0
[TRACE] [2021-05-25 20:45] <==        Row: 66, tkdrjs7@naver.com, 1111111, ±è»ó°Ç, 2021-05-24 11:49:22.0
[DEBUG] [2021-05-25 20:45] <==      Total: 5
[DEBUG] [2021-05-25 20:45] testSelectByEmail()
[DEBUG] [2021-05-25 20:45] ==>  Preparing: select ID, EMAIL, PASSWORD, NAME, REGDATE from member where email = ?
[DEBUG] [2021-05-25 20:45] ==> Parameters: tkdrjs7@naver.com(String)
[TRACE] [2021-05-25 20:45] <==    Columns: ID, EMAIL, PASSWORD, NAME, REGDATE
[TRACE] [2021-05-25 20:45] <==        Row: 66, tkdrjs7@naver.com, 1111111, ±è»ó°Ç, 2021-05-24 11:49:22.0
[DEBUG] [2021-05-25 20:45] <==      Total: 1
[DEBUG] [2021-05-25 20:45] id=66,  name=±è»ó°Ç, password=1111111,  registerDateTime=null
[DEBUG] [2021-05-25 20:45] testUpdate()
[DEBUG] [2021-05-25 20:45] ==>  Preparing: update member set name = ?, password = ? where email = ?
[DEBUG] [2021-05-25 20:45] ==> Parameters: 111111(String), tkdrjs(String), tkdrjs20@naver.com(String)
[DEBUG] [2021-05-25 20:45] <==    Updates: 1
[DEBUG] [2021-05-25 20:54] testDataSource()
[DEBUG] [2021-05-25 20:54] DataSource HikariDataSource (HikariPool-1)
[DEBUG] [2021-05-25 20:54] LoginTimeout 30
[DEBUG] [2021-05-25 20:54] testSqlSession()
[DEBUG] [2021-05-25 20:54] session org.apache.ibatis.session.defaults.DefaultSqlSession@1e6dad8
[DEBUG] [2021-05-25 20:54] ==>  Preparing: select ID, EMAIL, PASSWORD, NAME, REGDATE from member where REGDATE between ? and ? order by REGDATE DESC;
[DEBUG] [2021-05-25 20:54] ==> Parameters: 2021-05-17T00:00(LocalDateTime), 2021-05-26T00:00(LocalDateTime)
[TRACE] [2021-05-25 20:54] <==    Columns: ID, EMAIL, PASSWORD, NAME, REGDATE
[TRACE] [2021-05-25 20:54] <==        Row: 71, test3@test.com, 111111, ê¹€ì§€ì€, 2021-05-25 20:19:57.0
[TRACE] [2021-05-25 20:54] <==        Row: 70, test2@test.com, , ê¹€ë¯¼, 2021-05-24 16:04:22.0
[TRACE] [2021-05-25 20:54] <==        Row: 68, test1@test.com, 111, ê¹€ìƒì¼, 2021-05-24 12:44:01.0
[TRACE] [2021-05-25 20:54] <==        Row: 67, test@test.com, 111111, ê¹€ê¸¸ë™, 2021-05-24 11:50:02.0
[TRACE] [2021-05-25 20:54] <==        Row: 66, tkdrjs7@naver.com, 1111111, ê¹€ìƒê±´, 2021-05-24 11:49:22.0
[DEBUG] [2021-05-25 20:54] <==      Total: 5
[DEBUG] [2021-05-25 20:54] testSelectByEmail()
[DEBUG] [2021-05-25 20:54] ==>  Preparing: select ID, EMAIL, PASSWORD, NAME, REGDATE from member where email = ?
[DEBUG] [2021-05-25 20:54] ==> Parameters: tkdrjs7@naver.com(String)
[TRACE] [2021-05-25 20:54] <==    Columns: ID, EMAIL, PASSWORD, NAME, REGDATE
[TRACE] [2021-05-25 20:54] <==        Row: 66, tkdrjs7@naver.com, 1111111, ê¹€ìƒê±´, 2021-05-24 11:49:22.0
[DEBUG] [2021-05-25 20:54] <==      Total: 1
[DEBUG] [2021-05-25 20:54] id=66,  name=ê¹€ìƒê±´, password=1111111,  registerDateTime=null
[DEBUG] [2021-05-25 20:54] testUpdate()
[DEBUG] [2021-05-25 20:54] ==>  Preparing: update member set name = ?, password = ? where email = ?
[DEBUG] [2021-05-25 20:54] ==> Parameters: 111111(String), tkdrjs(String), tkdrjs20@naver.com(String)
[DEBUG] [2021-05-25 20:54] <==    Updates: 1
[DEBUG] [2021-05-25 20:57] testDataSource()
[DEBUG] [2021-05-25 20:57] DataSource HikariDataSource (HikariPool-1)
[DEBUG] [2021-05-25 20:57] LoginTimeout 30
[DEBUG] [2021-05-25 20:57] testSqlSession()
[DEBUG] [2021-05-25 20:57] session org.apache.ibatis.session.defaults.DefaultSqlSession@1e6dad8
[DEBUG] [2021-05-25 20:57] ==>  Preparing: select ID, EMAIL, PASSWORD, NAME, REGDATE from member where REGDATE between ? and ? order by REGDATE DESC;
[DEBUG] [2021-05-25 20:57] ==> Parameters: 2021-05-17T00:00(LocalDateTime), 2021-05-26T00:00(LocalDateTime)
[TRACE] [2021-05-25 20:57] <==    Columns: ID, EMAIL, PASSWORD, NAME, REGDATE
[TRACE] [2021-05-25 20:57] <==        Row: 71, test3@test.com, 111111, ê¹€ì§€ì€, 2021-05-25 20:19:57.0
[TRACE] [2021-05-25 20:57] <==        Row: 70, test2@test.com, , ê¹€ë¯¼, 2021-05-24 16:04:22.0
[TRACE] [2021-05-25 20:57] <==        Row: 68, test1@test.com, 111, ê¹€ìƒì¼, 2021-05-24 12:44:01.0
[TRACE] [2021-05-25 20:57] <==        Row: 67, test@test.com, 111111, ê¹€ê¸¸ë™, 2021-05-24 11:50:02.0
[TRACE] [2021-05-25 20:57] <==        Row: 66, tkdrjs7@naver.com, 1111111, ê¹€ìƒê±´, 2021-05-24 11:49:22.0
[DEBUG] [2021-05-25 20:57] <==      Total: 5
[DEBUG] [2021-05-25 20:57] testSelectByEmail()
[DEBUG] [2021-05-25 20:57] ==>  Preparing: select ID, EMAIL, PASSWORD, NAME, REGDATE from member where email = ?
[DEBUG] [2021-05-25 20:57] ==> Parameters: tkdrjs7@naver.com(String)
[TRACE] [2021-05-25 20:57] <==    Columns: ID, EMAIL, PASSWORD, NAME, REGDATE
[TRACE] [2021-05-25 20:57] <==        Row: 66, tkdrjs7@naver.com, 1111111, ê¹€ìƒê±´, 2021-05-24 11:49:22.0
[DEBUG] [2021-05-25 20:57] <==      Total: 1
[DEBUG] [2021-05-25 20:57] id=66,  name=ê¹€ìƒê±´, password=1111111,  registerDateTime=null
[DEBUG] [2021-05-25 20:57] testUpdate()
[DEBUG] [2021-05-25 20:57] ==>  Preparing: update member set name = ?, password = ? where email = ?
[DEBUG] [2021-05-25 20:57] ==> Parameters: 111111(String), tkdrjs(String), tkdrjs20@naver.com(String)
[DEBUG] [2021-05-25 20:57] <==    Updates: 1
[DEBUG] [2021-05-25 20:58] ==>  Preparing: select ID, EMAIL, PASSWORD, NAME, REGDATE from member where REGDATE between ? and ? order by REGDATE DESC
[DEBUG] [2021-05-25 20:58] ==> Parameters: 2021-05-17T00:00(LocalDateTime), 2021-05-26T00:00(LocalDateTime)
[TRACE] [2021-05-25 20:58] <==    Columns: ID, EMAIL, PASSWORD, NAME, REGDATE
[TRACE] [2021-05-25 20:58] <==        Row: 71, test3@test.com, 111111, ê¹€ì§€ì€, 2021-05-25 20:19:57.0
[TRACE] [2021-05-25 20:58] <==        Row: 70, test2@test.com, , ê¹€ë¯¼, 2021-05-24 16:04:22.0
[TRACE] [2021-05-25 20:58] <==        Row: 68, test1@test.com, 111, ê¹€ìƒì¼, 2021-05-24 12:44:01.0
[TRACE] [2021-05-25 20:58] <==        Row: 67, test@test.com, 111111, ê¹€ê¸¸ë™, 2021-05-24 11:50:02.0
[TRACE] [2021-05-25 20:58] <==        Row: 66, tkdrjs7@naver.com, 1111111, ê¹€ìƒê±´, 2021-05-24 11:49:22.0
[DEBUG] [2021-05-25 20:58] <==      Total: 5
[DEBUG] [2021-05-25 20:58] testSelectByEmail()
[DEBUG] [2021-05-25 20:58] ==>  Preparing: select ID, EMAIL, PASSWORD, NAME, REGDATE from member where email = ?
[DEBUG] [2021-05-25 20:58] ==> Parameters: tkdrjs7@naver.com(String)
[TRACE] [2021-05-25 20:58] <==    Columns: ID, EMAIL, PASSWORD, NAME, REGDATE
[TRACE] [2021-05-25 20:58] <==        Row: 66, tkdrjs7@naver.com, 1111111, ê¹€ìƒê±´, 2021-05-24 11:49:22.0
[DEBUG] [2021-05-25 20:58] <==      Total: 1
[DEBUG] [2021-05-25 20:58] id=66,  name=ê¹€ìƒê±´, password=1111111,  registerDateTime=null
[DEBUG] [2021-05-25 20:58] testUpdate()
[DEBUG] [2021-05-25 20:58] ==>  Preparing: update member set name = ?, password = ? where email = ?
[DEBUG] [2021-05-25 20:58] ==> Parameters: 111111(String), tkdrjs(String), tkdrjs20@naver.com(String)
[DEBUG] [2021-05-25 20:58] <==    Updates: 1
[DEBUG] [2021-05-25 20:59] ==>  Preparing: select ID, EMAIL, PASSWORD, NAME, REGDATE from member where REGDATE between ? and ? order by REGDATE DESC
[DEBUG] [2021-05-25 20:59] ==> Parameters: 2021-05-17T00:00(LocalDateTime), 2021-05-26T00:00(LocalDateTime)
[TRACE] [2021-05-25 20:59] <==    Columns: ID, EMAIL, PASSWORD, NAME, REGDATE
[TRACE] [2021-05-25 20:59] <==        Row: 71, test3@test.com, 111111, ê¹€ì§€ì€, 2021-05-25 20:19:57.0
[TRACE] [2021-05-25 20:59] <==        Row: 70, test2@test.com, , ê¹€ë¯¼, 2021-05-24 16:04:22.0
[TRACE] [2021-05-25 20:59] <==        Row: 68, test1@test.com, 111, ê¹€ìƒì¼, 2021-05-24 12:44:01.0
[TRACE] [2021-05-25 20:59] <==        Row: 67, test@test.com, 111111, ê¹€ê¸¸ë™, 2021-05-24 11:50:02.0
[TRACE] [2021-05-25 20:59] <==        Row: 66, tkdrjs7@naver.com, 1111111, ê¹€ìƒê±´, 2021-05-24 11:49:22.0
[DEBUG] [2021-05-25 20:59] <==      Total: 5
[DEBUG] [2021-05-25 20:59] testSelectByEmail()
[DEBUG] [2021-05-25 20:59] ==>  Preparing: select ID, EMAIL, PASSWORD, NAME, REGDATE from member where email = ?
[DEBUG] [2021-05-25 20:59] ==> Parameters: tkdrjs7@naver.com(String)
[TRACE] [2021-05-25 20:59] <==    Columns: ID, EMAIL, PASSWORD, NAME, REGDATE
[TRACE] [2021-05-25 20:59] <==        Row: 66, tkdrjs7@naver.com, 1111111, ê¹€ìƒê±´, 2021-05-24 11:49:22.0
[DEBUG] [2021-05-25 20:59] <==      Total: 1
[DEBUG] [2021-05-25 20:59] id=66,  name=ê¹€ìƒê±´, password=1111111,  registerDateTime=null
[DEBUG] [2021-05-25 20:59] testUpdate()
[DEBUG] [2021-05-25 20:59] ==>  Preparing: update member set name = ?, password = ? where email = ?
[DEBUG] [2021-05-25 20:59] ==> Parameters: 111111(String), tkdrjs(String), tkdrjs20@naver.com(String)
[DEBUG] [2021-05-25 20:59] <==    Updates: 1
[DEBUG] [2021-05-25 20:59] testSelectMemberByDate()
[DEBUG] [2021-05-25 20:59] ==>  Preparing: select ID, EMAIL, PASSWORD, NAME, REGDATE from member where REGDATE between ? and ? order by REGDATE DESC
[DEBUG] [2021-05-25 20:59] ==> Parameters: 2021-05-17T00:00(LocalDateTime), 2021-05-26T00:00(LocalDateTime)
[TRACE] [2021-05-25 20:59] <==    Columns: ID, EMAIL, PASSWORD, NAME, REGDATE
[TRACE] [2021-05-25 20:59] <==        Row: 71, test3@test.com, 111111, ê¹€ì§€ì€, 2021-05-25 20:19:57.0
[TRACE] [2021-05-25 20:59] <==        Row: 70, test2@test.com, , ê¹€ë¯¼, 2021-05-24 16:04:22.0
[TRACE] [2021-05-25 20:59] <==        Row: 68, test1@test.com, 111, ê¹€ìƒì¼, 2021-05-24 12:44:01.0
[TRACE] [2021-05-25 20:59] <==        Row: 67, test@test.com, 111111, ê¹€ê¸¸ë™, 2021-05-24 11:50:02.0
[TRACE] [2021-05-25 20:59] <==        Row: 66, tkdrjs7@naver.com, 1111111, ê¹€ìƒê±´, 2021-05-24 11:49:22.0
[DEBUG] [2021-05-25 20:59] <==      Total: 5
[DEBUG] [2021-05-25 20:59] testSelectByEmail()
[DEBUG] [2021-05-25 20:59] ==>  Preparing: select ID, EMAIL, PASSWORD, NAME, REGDATE from member where email = ?
[DEBUG] [2021-05-25 20:59] ==> Parameters: tkdrjs7@naver.com(String)
[TRACE] [2021-05-25 20:59] <==    Columns: ID, EMAIL, PASSWORD, NAME, REGDATE
[TRACE] [2021-05-25 20:59] <==        Row: 66, tkdrjs7@naver.com, 1111111, ê¹€ìƒê±´, 2021-05-24 11:49:22.0
[DEBUG] [2021-05-25 20:59] <==      Total: 1
[DEBUG] [2021-05-25 20:59] id=66,  name=ê¹€ìƒê±´, password=1111111,  registerDateTime=null
[DEBUG] [2021-05-25 20:59] testUpdate()
[DEBUG] [2021-05-25 20:59] ==>  Preparing: update member set name = ?, password = ? where email = ?
[DEBUG] [2021-05-25 20:59] ==> Parameters: 111111(String), tkdrjs(String), tkdrjs20@naver.com(String)
[DEBUG] [2021-05-25 20:59] <==    Updates: 1
[DEBUG] [2021-05-25 21:00] testSelectMemberByDate()
[DEBUG] [2021-05-25 21:00] ==>  Preparing: select ID, EMAIL, PASSWORD, NAME, REGDATE from member where REGDATE between ? and ? order by REGDATE DESC;
[DEBUG] [2021-05-25 21:00] ==> Parameters: 2021-05-17T00:00(LocalDateTime), 2021-05-26T00:00(LocalDateTime)
[TRACE] [2021-05-25 21:00] <==    Columns: ID, EMAIL, PASSWORD, NAME, REGDATE
[TRACE] [2021-05-25 21:00] <==        Row: 71, test3@test.com, 111111, ê¹€ì§€ì€, 2021-05-25 20:19:57.0
[TRACE] [2021-05-25 21:00] <==        Row: 70, test2@test.com, , ê¹€ë¯¼, 2021-05-24 16:04:22.0
[TRACE] [2021-05-25 21:00] <==        Row: 68, test1@test.com, 111, ê¹€ìƒì¼, 2021-05-24 12:44:01.0
[TRACE] [2021-05-25 21:00] <==        Row: 67, test@test.com, 111111, ê¹€ê¸¸ë™, 2021-05-24 11:50:02.0
[TRACE] [2021-05-25 21:00] <==        Row: 66, tkdrjs7@naver.com, 1111111, ê¹€ìƒê±´, 2021-05-24 11:49:22.0
[DEBUG] [2021-05-25 21:00] <==      Total: 5
[DEBUG] [2021-05-25 21:00] testSelectByEmail()
[DEBUG] [2021-05-25 21:00] ==>  Preparing: select ID, EMAIL, PASSWORD, NAME, REGDATE from member where email = ?
[DEBUG] [2021-05-25 21:00] ==> Parameters: tkdrjs7@naver.com(String)
[TRACE] [2021-05-25 21:00] <==    Columns: ID, EMAIL, PASSWORD, NAME, REGDATE
[TRACE] [2021-05-25 21:00] <==        Row: 66, tkdrjs7@naver.com, 1111111, ê¹€ìƒê±´, 2021-05-24 11:49:22.0
[DEBUG] [2021-05-25 21:00] <==      Total: 1
[DEBUG] [2021-05-25 21:00] id=66,  name=ê¹€ìƒê±´, password=1111111,  registerDateTime=null
[DEBUG] [2021-05-25 21:00] testUpdate()
[DEBUG] [2021-05-25 21:00] ==>  Preparing: update member set name = ?, password = ? where email = ?
[DEBUG] [2021-05-25 21:00] ==> Parameters: 111111(String), tkdrjs(String), tkdrjs20@naver.com(String)
[DEBUG] [2021-05-25 21:00] <==    Updates: 1
